TN:
SF:src/components/building-display.tsx
FN:2,__importDefault
FN:18,BuildingDisplay
FNF:2
FNH:2
FNDA:2,__importDefault
FNDA:17,BuildingDisplay
DA:1,1
DA:2,1
DA:3,1
DA:4,1
DA:5,1
DA:6,1
DA:7,1
DA:8,1
DA:9,1
DA:10,1
DA:11,1
DA:12,1
DA:13,1
DA:14,1
DA:15,1
DA:16,1
DA:17,1
DA:18,1
DA:19,17
DA:20,17
DA:21,17
DA:22,17
DA:23,17
DA:24,17
DA:25,17
DA:26,17
DA:27,17
DA:28,17
DA:29,17
DA:30,17
DA:31,17
LF:31
LH:31
BRDA:1,0,0,1
BRDA:2,1,0,2
BRDA:3,2,0,0
BRDA:18,3,0,17
BRF:4
BRH:3
end_of_record
TN:
SF:src/components/call-queue-only.tsx
FN:1,(empty-report)
FNF:1
FNH:0
FNDA:0,(empty-report)
DA:1,0
DA:2,0
DA:3,0
DA:4,0
DA:5,0
DA:6,0
DA:7,0
DA:8,0
DA:9,0
DA:10,0
DA:11,0
DA:12,0
DA:13,0
DA:14,0
DA:15,0
DA:16,0
DA:17,0
DA:18,0
DA:19,0
DA:20,0
DA:21,0
DA:22,0
DA:23,0
DA:24,0
DA:25,0
DA:26,0
DA:27,0
DA:28,0
DA:29,0
DA:30,0
DA:31,0
DA:32,0
DA:33,0
DA:34,0
DA:35,0
DA:36,0
DA:37,0
DA:38,0
DA:39,0
DA:40,0
DA:41,0
DA:42,0
DA:43,0
DA:44,0
DA:45,0
DA:46,0
DA:47,0
DA:48,0
DA:49,0
DA:50,0
DA:51,0
DA:52,0
DA:53,0
DA:54,0
DA:55,0
DA:56,0
DA:57,0
DA:58,0
LF:58
LH:0
BRDA:1,0,0,0
BRF:1
BRH:0
end_of_record
TN:
SF:src/components/elevator-debug.tsx
FN:1,(empty-report)
FNF:1
FNH:0
FNDA:0,(empty-report)
DA:1,0
DA:2,0
DA:3,0
DA:4,0
DA:5,0
DA:6,0
DA:7,0
DA:8,0
DA:9,0
DA:10,0
DA:11,0
DA:12,0
DA:13,0
DA:14,0
DA:15,0
DA:16,0
DA:17,0
DA:18,0
DA:19,0
DA:20,0
DA:21,0
DA:22,0
DA:23,0
DA:24,0
DA:25,0
DA:26,0
DA:27,0
DA:28,0
DA:29,0
DA:30,0
DA:31,0
DA:32,0
DA:33,0
DA:34,0
DA:35,0
DA:36,0
DA:37,0
DA:38,0
DA:39,0
DA:40,0
DA:41,0
DA:42,0
DA:43,0
DA:44,0
DA:45,0
DA:46,0
DA:47,0
DA:48,0
DA:49,0
DA:50,0
DA:51,0
DA:52,0
DA:53,0
DA:54,0
DA:55,0
DA:56,0
DA:57,0
DA:58,0
DA:59,0
DA:60,0
DA:61,0
DA:62,0
DA:63,0
DA:64,0
DA:65,0
DA:66,0
DA:67,0
DA:68,0
DA:69,0
DA:70,0
DA:71,0
DA:72,0
DA:73,0
DA:74,0
DA:75,0
DA:76,0
DA:77,0
DA:78,0
DA:79,0
DA:80,0
DA:81,0
DA:82,0
DA:83,0
DA:84,0
DA:85,0
DA:86,0
DA:87,0
DA:88,0
DA:89,0
DA:90,0
DA:91,0
DA:92,0
DA:93,0
DA:94,0
DA:95,0
DA:96,0
DA:97,0
DA:98,0
DA:99,0
DA:100,0
DA:101,0
DA:102,0
DA:103,0
DA:104,0
DA:105,0
DA:106,0
DA:107,0
DA:108,0
DA:109,0
DA:110,0
DA:111,0
DA:112,0
DA:113,0
DA:114,0
DA:115,0
DA:116,0
DA:117,0
DA:118,0
DA:119,0
DA:120,0
DA:121,0
DA:122,0
DA:123,0
DA:124,0
DA:125,0
DA:126,0
DA:127,0
DA:128,0
DA:129,0
DA:130,0
DA:131,0
DA:132,0
DA:133,0
DA:134,0
LF:134
LH:0
BRDA:1,0,0,0
BRF:1
BRH:0
end_of_record
TN:
SF:src/components/floor-controls.tsx
FN:9,FloorControls
FN:14,handleCallElevator
FN:55,onClick
FN:64,onClick
FNF:4
FNH:4
FNDA:19,FloorControls
FNDA:5,handleCallElevator
FNDA:3,onClick
FNDA:2,onClick
DA:1,1
DA:2,1
DA:3,1
DA:4,1
DA:5,1
DA:6,1
DA:7,1
DA:8,1
DA:9,1
DA:10,19
DA:11,19
DA:12,19
DA:13,19
DA:14,19
DA:15,5
DA:16,5
DA:17,5
DA:18,5
DA:19,5
DA:20,5
DA:21,5
DA:22,5
DA:23,19
DA:24,19
DA:25,19
DA:26,19
DA:27,19
DA:28,19
DA:29,19
DA:30,19
DA:31,19
DA:32,19
DA:33,19
DA:34,19
DA:35,19
DA:36,19
DA:37,19
DA:38,19
DA:39,19
DA:40,19
DA:41,19
DA:42,93
DA:43,93
DA:44,93
DA:45,93
DA:46,93
DA:47,93
DA:48,93
DA:49,93
DA:50,93
DA:51,93
DA:52,93
DA:53,93
DA:54,74
DA:55,74
DA:56,3
DA:57,74
DA:58,74
DA:59,74
DA:60,74
DA:61,74
DA:62,93
DA:63,74
DA:64,74
DA:65,2
DA:66,2
DA:67,74
DA:68,74
DA:69,74
DA:70,74
DA:71,93
DA:72,1
DA:73,1
DA:74,1
DA:75,1
DA:76,1
DA:77,1
DA:78,1
DA:79,1
DA:80,1
DA:81,1
DA:82,1
DA:83,1
DA:84,1
DA:85,1
DA:86,1
DA:87,1
DA:88,1
DA:89,1
DA:90,1
DA:91,1
LF:91
LH:91
BRDA:1,0,0,1
BRDA:9,1,0,19
BRDA:14,2,0,5
BRDA:41,3,0,93
BRDA:53,4,0,74
BRDA:54,5,0,1
BRDA:55,6,0,73
BRDA:61,7,0,1
BRDA:61,8,0,73
BRDA:62,9,0,74
BRDA:63,10,0,1
BRDA:63,11,0,73
BRDA:70,12,0,1
BRDA:70,13,0,73
BRDA:55,14,0,3
BRDA:64,15,0,2
BRF:16
BRH:16
end_of_record
TN:
SF:src/components/simulation-manager.tsx
FN:10,SimulationManager
FNF:1
FNH:1
FNDA:13,SimulationManager
DA:1,1
DA:2,1
DA:3,1
DA:4,1
DA:5,1
DA:6,1
DA:7,1
DA:8,1
DA:9,1
DA:10,1
DA:11,13
DA:12,13
DA:13,13
DA:14,13
DA:15,13
DA:16,11
DA:17,11
DA:18,11
DA:19,11
DA:20,11
DA:21,11
DA:22,13
DA:23,13
DA:24,13
DA:25,0
DA:26,0
DA:27,0
DA:28,0
DA:29,0
DA:30,0
DA:31,0
DA:32,0
DA:33,0
DA:34,0
DA:35,0
DA:36,0
DA:37,0
DA:38,0
DA:39,0
DA:40,0
DA:41,0
DA:42,0
DA:43,0
DA:44,0
DA:45,0
DA:46,0
DA:47,0
DA:48,0
DA:49,0
DA:50,0
DA:51,0
DA:52,0
DA:53,0
DA:54,0
DA:55,0
DA:56,0
DA:57,0
DA:58,0
DA:59,0
DA:60,13
DA:61,13
DA:62,12
DA:63,12
DA:64,12
DA:65,12
DA:66,12
LF:66
LH:31
BRDA:1,0,0,1
BRDA:10,1,0,13
BRDA:15,2,0,11
BRDA:21,3,0,11
BRDA:61,4,0,12
BRF:5
BRH:5
end_of_record
TN:
SF:src/components/tabbed-sidebar.tsx
FN:1,(empty-report)
FNF:1
FNH:0
FNDA:0,(empty-report)
DA:1,0
DA:2,0
DA:3,0
DA:4,0
DA:5,0
DA:6,0
DA:7,0
DA:8,0
DA:9,0
DA:10,0
DA:11,0
DA:12,0
DA:13,0
DA:14,0
DA:15,0
DA:16,0
DA:17,0
DA:18,0
DA:19,0
DA:20,0
DA:21,0
DA:22,0
DA:23,0
DA:24,0
DA:25,0
DA:26,0
DA:27,0
DA:28,0
DA:29,0
DA:30,0
DA:31,0
DA:32,0
DA:33,0
DA:34,0
DA:35,0
DA:36,0
DA:37,0
DA:38,0
DA:39,0
DA:40,0
DA:41,0
DA:42,0
DA:43,0
DA:44,0
DA:45,0
DA:46,0
DA:47,0
DA:48,0
DA:49,0
DA:50,0
DA:51,0
DA:52,0
DA:53,0
DA:54,0
DA:55,0
DA:56,0
DA:57,0
DA:58,0
DA:59,0
DA:60,0
DA:61,0
DA:62,0
DA:63,0
DA:64,0
DA:65,0
DA:66,0
DA:67,0
DA:68,0
DA:69,0
DA:70,0
DA:71,0
DA:72,0
DA:73,0
DA:74,0
DA:75,0
LF:75
LH:0
BRDA:1,0,0,0
BRF:1
BRH:0
end_of_record
TN:
SF:src/components/theme-toggle.tsx
FN:10,ThemeToggle
FNF:1
FNH:1
FNDA:14,ThemeToggle
DA:1,1
DA:2,1
DA:3,1
DA:4,1
DA:5,1
DA:6,1
DA:7,1
DA:8,1
DA:9,1
DA:10,14
DA:11,14
DA:12,14
DA:13,14
DA:14,14
DA:15,14
DA:16,14
DA:17,14
DA:18,14
DA:19,14
DA:20,14
DA:21,14
LF:21
LH:21
BRDA:1,0,0,1
BRDA:10,1,0,14
BRDA:13,2,0,11
BRDA:13,3,0,3
BRDA:15,4,0,11
BRDA:15,5,0,3
BRF:6
BRH:6
end_of_record
TN:
SF:src/components/building-display/building-grid.tsx
FN:1,(empty-report)
FNF:1
FNH:0
FNDA:0,(empty-report)
DA:1,0
DA:2,0
DA:3,0
DA:4,0
DA:5,0
DA:6,0
DA:7,0
DA:8,0
DA:9,0
DA:10,0
DA:11,0
DA:12,0
DA:13,0
DA:14,0
DA:15,0
DA:16,0
DA:17,0
DA:18,0
DA:19,0
DA:20,0
DA:21,0
DA:22,0
DA:23,0
DA:24,0
DA:25,0
DA:26,0
DA:27,0
DA:28,0
DA:29,0
DA:30,0
DA:31,0
DA:32,0
DA:33,0
DA:34,0
DA:35,0
DA:36,0
DA:37,0
LF:37
LH:0
BRDA:1,0,0,0
BRF:1
BRH:0
end_of_record
TN:
SF:src/components/building-display/elevator-indicator.tsx
FN:1,(empty-report)
FNF:1
FNH:0
FNDA:0,(empty-report)
DA:1,0
DA:2,0
DA:3,0
DA:4,0
DA:5,0
DA:6,0
DA:7,0
DA:8,0
DA:9,0
DA:10,0
DA:11,0
DA:12,0
DA:13,0
DA:14,0
DA:15,0
DA:16,0
DA:17,0
DA:18,0
DA:19,0
DA:20,0
DA:21,0
DA:22,0
DA:23,0
DA:24,0
DA:25,0
DA:26,0
DA:27,0
DA:28,0
DA:29,0
DA:30,0
DA:31,0
DA:32,0
LF:32
LH:0
BRDA:1,0,0,0
BRF:1
BRH:0
end_of_record
TN:
SF:src/components/building-display/elevator-shaft.tsx
FN:1,(empty-report)
FNF:1
FNH:0
FNDA:0,(empty-report)
DA:1,0
DA:2,0
DA:3,0
DA:4,0
DA:5,0
DA:6,0
DA:7,0
DA:8,0
DA:9,0
DA:10,0
DA:11,0
DA:12,0
DA:13,0
DA:14,0
DA:15,0
DA:16,0
DA:17,0
DA:18,0
DA:19,0
DA:20,0
DA:21,0
DA:22,0
DA:23,0
DA:24,0
DA:25,0
DA:26,0
DA:27,0
DA:28,0
DA:29,0
DA:30,0
DA:31,0
DA:32,0
DA:33,0
DA:34,0
DA:35,0
DA:36,0
LF:36
LH:0
BRDA:1,0,0,0
BRF:1
BRH:0
end_of_record
TN:
SF:src/components/building-display/floor-calls.tsx
FN:1,(empty-report)
FNF:1
FNH:0
FNDA:0,(empty-report)
DA:1,0
DA:2,0
DA:3,0
DA:4,0
DA:5,0
DA:6,0
DA:7,0
DA:8,0
DA:9,0
DA:10,0
DA:11,0
DA:12,0
DA:13,0
DA:14,0
DA:15,0
DA:16,0
DA:17,0
DA:18,0
DA:19,0
DA:20,0
DA:21,0
DA:22,0
DA:23,0
DA:24,0
DA:25,0
DA:26,0
DA:27,0
DA:28,0
DA:29,0
DA:30,0
DA:31,0
DA:32,0
DA:33,0
DA:34,0
LF:34
LH:0
BRDA:1,0,0,0
BRF:1
BRH:0
end_of_record
TN:
SF:src/components/building-display/floor-numbers.tsx
FN:1,(empty-report)
FNF:1
FNH:0
FNDA:0,(empty-report)
DA:1,0
DA:2,0
DA:3,0
DA:4,0
DA:5,0
DA:6,0
DA:7,0
DA:8,0
DA:9,0
DA:10,0
DA:11,0
DA:12,0
DA:13,0
DA:14,0
DA:15,0
DA:16,0
DA:17,0
DA:18,0
DA:19,0
DA:20,0
DA:21,0
DA:22,0
DA:23,0
DA:24,0
DA:25,0
LF:25
LH:0
BRDA:1,0,0,0
BRF:1
BRH:0
end_of_record
TN:
SF:src/constants/elevator.ts
FNF:0
FNH:0
DA:1,1
DA:2,1
DA:3,1
DA:4,1
DA:5,1
DA:6,1
DA:7,1
DA:8,1
DA:9,1
DA:10,1
DA:11,1
DA:12,1
DA:13,1
DA:14,1
DA:15,1
DA:16,1
DA:17,1
DA:18,1
DA:19,1
DA:20,1
DA:21,1
LF:21
LH:21
BRDA:1,0,0,1
BRF:1
BRH:1
end_of_record
TN:
SF:src/contexts/building-context.tsx
FN:18,buildingReducer
FN:42,dispatch
FN:42,BuildingProvider
FNF:3
FNH:2
FNDA:19,buildingReducer
FNDA:0,dispatch
FNDA:30,BuildingProvider
DA:1,1
DA:2,1
DA:3,1
DA:4,1
DA:5,1
DA:6,1
DA:7,1
DA:8,1
DA:9,1
DA:10,1
DA:11,1
DA:12,1
DA:13,1
DA:14,1
DA:15,1
DA:16,1
DA:17,1
DA:18,1
DA:19,19
DA:20,19
DA:21,11
DA:22,11
DA:23,19
DA:24,3
DA:25,3
DA:26,19
DA:27,19
DA:28,19
DA:29,19
DA:30,1
DA:31,1
DA:32,1
DA:33,1
DA:34,1
DA:35,19
DA:36,1
DA:37,19
DA:38,1
DA:39,1
DA:40,1
DA:41,1
DA:42,1
DA:43,30
DA:44,30
DA:45,30
DA:46,30
DA:47,30
DA:48,30
DA:49,30
DA:50,11
DA:51,30
DA:52,30
DA:53,30
DA:54,30
DA:55,30
LF:55
LH:55
BRDA:1,0,0,1
BRDA:18,1,0,19
BRDA:20,2,0,11
BRDA:23,3,0,3
BRDA:27,4,0,3
BRDA:29,5,0,1
BRDA:35,6,0,1
BRDA:42,7,0,30
BRDA:49,8,0,11
BRF:9
BRH:9
end_of_record
TN:
SF:src/contexts/theme-context.tsx
FN:18,useTheme
FN:26,ThemeProvider
FN:52,toggleTheme
FNF:3
FNH:3
FNDA:26,useTheme
FNDA:24,ThemeProvider
FNDA:9,toggleTheme
DA:1,1
DA:2,1
DA:3,1
DA:4,1
DA:5,1
DA:6,1
DA:7,1
DA:8,1
DA:9,1
DA:10,1
DA:11,1
DA:12,1
DA:13,1
DA:14,1
DA:15,1
DA:16,1
DA:17,1
DA:18,1
DA:19,26
DA:20,26
DA:21,2
DA:22,2
DA:23,26
DA:24,23
DA:25,23
DA:26,1
DA:27,24
DA:28,24
DA:29,15
DA:30,15
DA:31,15
DA:32,10
DA:33,10
DA:34,15
DA:35,5
DA:36,5
DA:37,5
DA:38,5
DA:39,5
DA:40,15
DA:41,0
DA:42,0
DA:43,0
DA:44,0
DA:45,15
DA:46,24
DA:47,24
DA:48,24
DA:49,24
DA:50,24
DA:51,24
DA:52,24
DA:53,9
DA:54,9
DA:55,9
DA:56,24
DA:57,24
DA:58,24
DA:59,24
DA:60,24
LF:60
LH:56
BRDA:1,0,0,1
BRDA:18,1,0,26
BRDA:20,2,0,2
BRDA:23,3,0,23
BRDA:26,4,0,24
BRDA:28,5,0,15
BRDA:30,6,0,13
BRDA:30,7,0,12
BRDA:31,8,0,10
BRDA:34,9,0,5
BRDA:40,10,0,0
BRDA:45,11,0,5
BRDA:46,12,0,24
BRDA:52,13,0,9
BRDA:55,14,0,9
BRDA:56,15,0,3
BRDA:56,16,0,6
BRF:17
BRH:16
end_of_record
TN:
SF:src/utils/building-initializer.ts
FN:4,initializeBuilding
FNF:1
FNH:1
FNDA:11,initializeBuilding
DA:1,1
DA:2,1
DA:3,1
DA:4,1
DA:5,11
DA:6,11
DA:7,110
DA:8,110
DA:9,110
DA:10,110
DA:11,110
DA:12,11
DA:13,11
DA:14,44
DA:15,44
DA:16,44
DA:17,44
DA:18,44
DA:19,44
DA:20,44
DA:21,44
DA:22,44
DA:23,44
DA:24,44
DA:25,44
DA:26,44
DA:27,44
DA:28,44
DA:29,44
DA:30,44
LF:30
LH:30
BRDA:1,0,0,1
BRDA:4,1,0,11
BRDA:6,2,0,110
BRDA:13,3,0,44
BRF:4
BRH:4
end_of_record
TN:
SF:src/utils/call-handler.ts
FN:6,handleCallElevator
FNF:1
FNH:1
FNDA:3,handleCallElevator
DA:1,1
DA:2,1
DA:3,1
DA:4,1
DA:5,1
DA:6,1
DA:7,3
DA:8,3
DA:9,3
DA:10,3
DA:11,3
DA:12,3
DA:13,3
DA:14,3
DA:15,3
DA:16,30
DA:17,3
DA:18,3
DA:19,3
DA:20,3
DA:21,3
DA:22,30
DA:23,3
DA:24,3
DA:25,3
DA:26,3
DA:27,3
DA:28,3
DA:29,3
DA:30,3
DA:31,3
DA:32,3
DA:33,3
DA:34,3
LF:34
LH:34
BRDA:1,0,0,1
BRDA:6,1,0,3
BRDA:15,2,0,0
BRDA:31,3,0,0
BRDA:15,4,0,30
BRDA:16,5,0,3
BRDA:19,6,0,0
BRDA:21,7,0,0
BRDA:23,8,0,27
BRF:9
BRH:5
end_of_record
TN:
SF:src/utils/destination-floor-utils.ts
FN:6,getNextDestinationFloor
FNF:1
FNH:1
FNDA:29,getNextDestinationFloor
DA:1,1
DA:2,1
DA:3,1
DA:4,1
DA:5,1
DA:6,1
DA:7,29
DA:8,29
DA:9,29
DA:10,29
DA:11,27
DA:12,27
DA:13,132
DA:14,132
DA:15,119
DA:16,119
DA:17,13
DA:18,13
DA:19,132
DA:20,3
DA:21,3
DA:22,3
DA:23,3
DA:24,132
DA:25,27
DA:26,27
DA:27,27
DA:28,29
DA:29,98
DA:30,76
DA:31,98
DA:32,85
DA:33,85
DA:34,85
DA:35,85
DA:36,98
DA:37,29
DA:38,10
LF:38
LH:38
BRDA:1,0,0,1
BRDA:6,1,0,29
BRDA:10,2,0,2
BRDA:10,3,0,27
BRDA:28,4,0,98
BRDA:29,5,0,76
BRDA:31,6,0,85
BRDA:35,7,0,14
BRDA:36,8,0,17
BRDA:37,9,0,10
BRDA:12,10,0,132
BRDA:14,11,0,119
BRDA:17,12,0,13
BRDA:19,13,0,10
BRDA:19,14,0,3
BRF:15
BRH:15
end_of_record
TN:
SF:src/utils/elevator-color-utils.ts
FN:5,getElevatorColor
FNF:1
FNH:1
FNDA:32,getElevatorColor
DA:1,1
DA:2,1
DA:3,1
DA:4,1
DA:5,1
DA:6,32
DA:7,7
DA:8,32
DA:9,32
DA:10,19
DA:11,19
DA:12,9
DA:13,9
DA:14,19
DA:15,32
DA:16,6
DA:17,32
DA:18,2
DA:19,32
DA:20,4
LF:20
LH:20
BRDA:1,0,0,1
BRDA:5,1,0,32
BRDA:6,2,0,7
BRDA:8,3,0,25
BRDA:9,4,0,19
BRDA:11,5,0,9
BRDA:14,6,0,10
BRDA:15,7,0,6
BRDA:17,8,0,2
BRDA:19,9,0,4
BRF:10
BRH:10
end_of_record
TN:
SF:src/utils/elevator-cost-calculator.ts
FN:10,calculateElevatorCost
FN:69,findBestElevator
FNF:2
FNH:2
FNDA:34,calculateElevatorCost
FNDA:10,findBestElevator
DA:1,1
DA:2,1
DA:3,1
DA:4,1
DA:5,1
DA:6,1
DA:7,1
DA:8,1
DA:9,1
DA:10,1
DA:11,34
DA:12,34
DA:13,5
DA:14,5
DA:15,5
DA:16,5
DA:17,34
DA:18,29
DA:19,29
DA:20,34
DA:21,5
DA:22,5
DA:23,34
DA:24,26
DA:25,26
DA:26,26
DA:27,34
DA:28,12
DA:29,12
DA:30,7
DA:31,7
DA:32,12
DA:33,10
DA:34,10
DA:35,10
DA:36,10
DA:37,10
DA:38,10
DA:39,10
DA:40,10
DA:41,10
DA:42,10
DA:43,14
DA:44,14
DA:45,14
DA:46,10
DA:47,10
DA:48,10
DA:49,10
DA:50,10
DA:51,10
DA:52,14
DA:53,7
DA:54,10
DA:55,34
DA:56,16
DA:57,16
DA:58,16
DA:59,16
DA:60,16
DA:61,16
DA:62,16
DA:63,16
DA:64,16
DA:65,16
DA:66,16
DA:67,16
DA:68,16
DA:69,1
DA:70,10
DA:71,10
DA:72,10
DA:73,10
DA:74,20
DA:75,20
DA:76,20
DA:77,20
DA:78,20
LF:78
LH:78
BRDA:1,0,0,1
BRDA:10,1,0,34
BRDA:13,2,0,5
BRDA:17,3,0,29
BRDA:20,4,0,5
BRDA:23,5,0,3
BRDA:23,6,0,26
BRDA:27,7,0,12
BRDA:28,8,0,6
BRDA:30,9,0,7
BRDA:31,10,0,6
BRDA:32,11,0,10
BRDA:55,12,0,16
BRDA:42,13,0,14
BRDA:44,14,0,8
BRDA:45,15,0,10
BRDA:52,16,0,6
BRDA:52,17,0,7
BRDA:69,18,0,10
BRDA:73,19,0,20
BRF:20
BRH:20
end_of_record
TN:
SF:src/utils/elevator-disabler.ts
FN:6,handleToggleElevatorDisabled
FNF:1
FNH:1
FNDA:1,handleToggleElevatorDisabled
DA:1,1
DA:2,1
DA:3,1
DA:4,1
DA:5,1
DA:6,1
DA:7,1
DA:8,1
DA:9,1
DA:10,1
DA:11,1
DA:12,1
DA:13,1
DA:14,1
DA:15,1
DA:16,1
DA:17,1
DA:18,1
DA:19,0
DA:20,1
DA:21,1
DA:22,1
DA:23,1
DA:24,1
DA:25,1
DA:26,1
DA:27,1
DA:28,1
DA:29,1
DA:30,17
DA:31,17
DA:32,17
DA:33,17
DA:34,17
DA:35,17
DA:36,17
DA:37,17
DA:38,1
DA:39,1
DA:40,1
DA:41,8
DA:42,10
DA:43,8
DA:44,8
DA:45,8
DA:46,6
DA:47,6
DA:48,6
DA:49,6
DA:50,6
DA:51,6
DA:52,6
DA:53,6
DA:54,6
DA:55,6
DA:56,6
DA:57,6
DA:58,6
DA:59,1
DA:60,1
DA:61,1
DA:62,1
DA:63,1
DA:64,1
DA:65,1
DA:66,1
DA:67,1
DA:68,1
DA:69,1
DA:70,1
DA:71,1
DA:72,1
DA:73,1
DA:74,1
LF:74
LH:73
BRDA:1,0,0,1
BRDA:6,1,0,1
BRDA:9,2,0,0
BRDA:13,3,0,0
BRDA:15,4,0,0
BRDA:18,5,0,0
BRDA:29,6,0,0
BRDA:40,7,0,0
BRDA:73,8,0,0
BRDA:9,9,0,1
BRDA:29,10,0,17
BRDA:31,11,0,1
BRDA:32,12,0,13
BRDA:33,13,0,4
BRDA:40,14,0,8
BRDA:45,15,0,6
BRDA:46,16,0,0
BRDA:47,17,0,5
BRDA:49,18,0,1
BRDA:41,19,0,10
BRF:20
BRH:12
end_of_record
TN:
SF:src/utils/elevator-status-helpers.ts
FN:6,getStatusClass
FN:29,getStatusIcon
FN:51,getStatusLabel
FNF:3
FNH:3
FNDA:13,getStatusClass
FNDA:13,getStatusIcon
FNDA:23,getStatusLabel
DA:1,1
DA:2,1
DA:3,1
DA:4,1
DA:5,1
DA:6,1
DA:7,13
DA:8,13
DA:9,13
DA:10,13
DA:11,13
DA:12,2
DA:13,13
DA:14,1
DA:15,1
DA:16,13
DA:17,2
DA:18,7
DA:19,7
DA:20,2
DA:21,2
DA:22,2
DA:23,13
DA:24,13
DA:25,13
DA:26,1
DA:27,1
DA:28,1
DA:29,1
DA:30,13
DA:31,13
DA:32,11
DA:33,13
DA:34,13
DA:35,2
DA:36,13
DA:37,1
DA:38,1
DA:39,1
DA:40,13
DA:41,13
DA:42,13
DA:43,13
DA:44,2
DA:45,2
DA:46,13
DA:47,1
DA:48,13
DA:49,1
DA:50,1
DA:51,1
DA:52,23
DA:53,23
DA:54,23
DA:55,23
DA:56,23
DA:57,5
DA:58,5
DA:59,23
DA:60,1
DA:61,1
LF:61
LH:61
BRDA:1,0,0,1
BRDA:6,1,0,13
BRDA:8,2,0,2
BRDA:9,3,0,11
BRDA:10,4,0,3
BRDA:11,5,0,2
BRDA:13,6,0,1
BRDA:16,7,0,2
BRDA:17,8,0,7
BRDA:23,9,0,1
BRDA:26,10,0,5
BRDA:29,11,0,13
BRDA:31,12,0,2
BRDA:31,13,0,11
BRDA:33,14,0,3
BRDA:34,15,0,2
BRDA:36,16,0,1
BRDA:43,17,0,2
BRDA:43,18,0,7
BRDA:46,19,0,1
BRDA:49,20,0,5
BRDA:51,21,0,23
BRDA:53,22,0,2
BRDA:53,23,0,21
BRDA:54,24,0,3
BRDA:56,25,0,5
BRDA:59,26,0,1
BRF:27
BRH:27
end_of_record
TN:
SF:src/utils/passenger-generator.ts
FN:5,generateRandomPassengers
FNF:1
FNH:1
FNDA:8,generateRandomPassengers
DA:1,1
DA:2,1
DA:3,1
DA:4,1
DA:5,1
DA:6,8
DA:7,8
DA:8,8
DA:9,8
DA:10,8
DA:11,16
DA:12,18
DA:13,18
DA:14,18
DA:15,18
DA:16,16
LF:16
LH:16
BRDA:1,0,0,1
BRDA:5,1,0,8
BRDA:10,2,0,16
BRDA:11,3,0,18
BRF:4
BRH:4
end_of_record
TN:
SF:src/utils/tick-handler.ts
FN:11,handleTick
FNF:1
FNH:1
FNDA:3,handleTick
DA:1,1
DA:2,1
DA:3,1
DA:4,1
DA:5,1
DA:6,1
DA:7,1
DA:8,1
DA:9,1
DA:10,1
DA:11,1
DA:12,3
DA:13,3
DA:14,12
DA:15,12
DA:16,0
DA:17,12
DA:18,12
DA:19,12
DA:20,12
DA:21,12
DA:22,0
DA:23,0
DA:24,0
DA:25,0
DA:26,0
DA:27,0
DA:28,0
DA:29,0
DA:30,0
DA:31,0
DA:32,0
DA:33,1002
DA:34,0
DA:35,0
DA:36,0
DA:37,0
DA:38,0
DA:39,1002
DA:40,1002
DA:41,0
DA:42,0
DA:43,0
DA:44,0
DA:45,0
DA:46,0
DA:47,0
DA:48,0
DA:49,0
DA:50,0
DA:51,0
DA:52,0
DA:53,0
DA:54,0
DA:55,0
DA:56,0
DA:57,0
DA:58,0
DA:59,12
DA:60,12
DA:61,12
DA:62,12
DA:63,12
DA:64,0
DA:65,0
DA:66,0
DA:67,0
DA:68,0
DA:69,0
DA:70,0
DA:71,0
DA:72,0
DA:73,0
DA:74,0
DA:75,0
DA:76,0
DA:77,0
DA:78,0
DA:79,0
DA:80,0
DA:81,0
DA:82,0
DA:83,0
DA:84,0
DA:85,0
DA:86,0
DA:87,0
DA:88,0
DA:89,0
DA:90,0
DA:91,0
DA:92,0
DA:93,0
DA:94,0
DA:95,12
DA:96,12
DA:97,12
DA:98,0
DA:99,0
DA:100,0
DA:101,0
DA:102,0
DA:103,0
DA:104,0
DA:105,0
DA:106,0
DA:107,0
DA:108,0
DA:109,0
DA:110,0
DA:111,0
DA:112,0
DA:113,0
DA:114,0
DA:115,0
DA:116,0
DA:117,0
DA:118,0
DA:119,0
DA:120,0
DA:121,0
DA:122,0
DA:123,0
DA:124,0
DA:125,0
DA:126,0
DA:127,0
DA:128,0
DA:129,0
DA:130,0
DA:131,0
DA:132,0
DA:133,0
DA:134,0
DA:135,0
DA:136,0
DA:137,0
DA:138,0
DA:139,1
DA:140,1
DA:141,0
DA:142,0
DA:143,0
DA:144,0
DA:145,0
DA:146,0
DA:147,0
DA:148,0
DA:149,0
DA:150,0
DA:151,0
DA:152,0
DA:153,0
DA:154,0
DA:155,0
DA:156,0
DA:157,0
DA:158,0
DA:159,0
DA:160,0
DA:161,0
DA:162,0
DA:163,0
DA:164,0
DA:165,0
DA:166,0
DA:167,0
DA:168,0
DA:169,0
DA:170,0
DA:171,0
DA:172,0
DA:173,0
DA:174,0
DA:175,0
DA:176,0
DA:177,0
DA:178,0
DA:179,0
DA:180,0
DA:181,0
DA:182,0
DA:183,0
DA:184,0
DA:185,0
DA:186,0
DA:187,0
DA:188,0
DA:189,0
DA:190,12
DA:191,12
DA:192,12
DA:193,12
DA:194,12
DA:195,12
DA:196,12
DA:197,12
DA:198,3
DA:199,3
DA:200,3
DA:201,3
DA:202,3
DA:203,3
DA:204,2
DA:205,2
DA:206,2
DA:207,2
DA:208,2
DA:209,2
DA:210,2
DA:211,2
DA:212,0
DA:213,0
DA:214,0
DA:215,0
DA:216,0
DA:217,0
DA:218,0
DA:219,0
DA:220,0
DA:221,0
DA:222,0
DA:223,0
DA:224,1
DA:225,1
DA:226,1
DA:227,1
DA:228,1
DA:229,1
DA:230,1
DA:231,1
DA:232,1
DA:233,1
DA:234,1
DA:235,1
DA:236,1
DA:237,1
DA:238,1
DA:239,0
DA:240,0
DA:241,0
DA:242,0
DA:243,0
DA:244,0
DA:245,0
DA:246,0
DA:247,1
DA:248,1
DA:249,1
DA:250,1
LF:250
LH:74
BRDA:1,0,0,1
BRDA:11,1,0,3
BRDA:13,2,0,0
BRDA:200,3,0,0
BRDA:201,4,0,0
BRDA:203,5,0,2
BRDA:207,6,0,0
BRDA:211,7,0,0
BRDA:13,8,0,12
BRDA:14,9,0,0
BRDA:15,10,0,0
BRDA:21,11,0,0
BRDA:97,12,0,0
BRDA:197,13,0,0
BRDA:32,14,0,1002
BRDA:38,15,0,1002
BRDA:58,16,0,12
BRDA:70,17,0,12
BRDA:136,18,0,1
BRDA:138,19,0,1
BRDA:141,20,0,0
BRDA:223,21,0,1
BRDA:238,22,0,0
BRF:23
BRH:11
end_of_record
